[2020-03-20 15-25-51] PHP Notice: Trying to get property 'email' of non-object in /var/www/webs/skripta.ssps.cz/public_html/temp/cache/latte/templates-Sign-restore.latte--f20f319881.php:60  @  http://skripta.ssps.cz/sign/restore 
[2020-03-21 18-34-54] PHP Notice: Trying to get property 'email' of non-object in /var/www/webs/skripta.ssps.cz/public_html/temp/cache/latte/templates-Sign-restore.latte--f20f319881.php:60  @  http://skripta.ssps.cz/sign/restore 
[2020-03-21 18-34-59] PHP Notice: Trying to get property 'email' of non-object in /var/www/webs/skripta.ssps.cz/public_html/temp/cache/latte/templates-Sign-restore.latte--f20f319881.php:60  @  http://skripta.ssps.cz/sign/restore?error=U%C5%BEivatel+s+danou+e-mailovou+adresou+neexistuje%21 
[2020-03-21 18-35-07] PHP Notice: Trying to get property 'email' of non-object in /var/www/webs/skripta.ssps.cz/public_html/temp/cache/latte/templates-Sign-restore.latte--f20f319881.php:60  @  http://skripta.ssps.cz/sign/restore?error=U%C5%BEivatel+s+danou+e-mailovou+adresou+neexistuje%21 
[2020-03-21 18-35-09] PHP Notice: Trying to get property 'email' of non-object in /var/www/webs/skripta.ssps.cz/public_html/temp/cache/latte/templates-Sign-restore.latte--f20f319881.php:60  @  http://skripta.ssps.cz/sign/restore?error=U%C5%BEivatel+s+danou+e-mailovou+adresou+neexistuje%21 
[2020-03-21 18-35-14] PHP Notice: Trying to get property 'email' of non-object in /var/www/webs/skripta.ssps.cz/public_html/temp/cache/latte/templates-Sign-restore.latte--f20f319881.php:60  @  http://skripta.ssps.cz/sign/restore 
[2020-04-04 15-31-43] PHP Notice: Trying to get property 'email' of non-object in /var/www/webs/skripta.ssps.cz/public_html/temp/cache/latte/templates-Sign-restore.latte--f20f319881.php:60  @  http://skripta.ssps.cz/sign/restore 
[2020-04-09 08-42-31] PHP Notice: Trying to get property 'email' of non-object in /var/www/webs/skripta.ssps.cz/public_html/temp/cache/latte/templates-Sign-restore.latte--f20f319881.php:60  @  http://skripta.ssps.cz/sign/restore 
[2020-04-09 16-49-22] PHP Notice: Trying to get property 'email' of non-object in /var/www/webs/skripta.ssps.cz/public_html/temp/cache/latte/templates-Sign-restore.latte--f20f319881.php:60  @  http://skripta.ssps.cz/sign/restore 
[2020-04-09 21-57-33] PHP Notice: Trying to get property 'email' of non-object in /var/www/webs/skripta.ssps.cz/public_html/temp/cache/latte/templates-Sign-restore.latte--f20f319881.php:60  @  http://skripta.ssps.cz/sign/restore 
[2020-04-09 21-57-55] PHP Notice: Trying to get property 'email' of non-object in /var/www/webs/skripta.ssps.cz/public_html/temp/cache/latte/templates-Sign-restore.latte--f20f319881.php:60  @  http://skripta.ssps.cz/sign/restore 
[2020-04-11 06-26-32] PHP Notice: Trying to get property 'email' of non-object in /var/www/webs/skripta.ssps.cz/public_html/temp/cache/latte/templates-Sign-restore.latte--f20f319881.php:60  @  http://skripta.ssps.cz/sign/restore 
[2020-04-13 00-51-55] PHP Notice: Trying to get property 'email' of non-object in /var/www/webs/skripta.ssps.cz/public_html/temp/cache/latte/templates-Sign-restore.latte--f20f319881.php:60  @  http://skripta.ssps.cz/sign/restore 
[2020-04-14 11-54-27] PHP Notice: Undefined variable $flash, did you mean $flashes? in /var/www/webs/skripta.ssps.cz/public_html/temp/cache/latte/presenters-templates-@layout.latte--a2edda4ea4.php:62  @  http://skripta.ssps.cz/books/?id=1 
[2020-04-14 11-54-27] PHP Notice: Trying to get property 'message' of non-object in /var/www/webs/skripta.ssps.cz/public_html/temp/cache/latte/presenters-templates-@layout.latte--a2edda4ea4.php:62  @  http://skripta.ssps.cz/books/?id=1 
[2020-04-19 11-51-03] PHP Notice: Trying to get property 'email' of non-object in /var/www/webs/skripta.ssps.cz/public_html/temp/cache/latte/templates-Sign-restore.latte--f20f319881.php:60  @  http://skripta.ssps.cz/sign/restore 
[2020-04-22 13-05-51] PHP Notice: Trying to get property 'email' of non-object in /var/www/webs/skripta.ssps.cz/public_html/temp/cache/latte/templates-Sign-restore.latte--f20f319881.php:60  @  http://skripta.ssps.cz/sign/restore 
[2020-04-22 14-04-38] PHP Notice: Trying to get property 'email' of non-object in /var/www/webs/skripta.ssps.cz/public_html/temp/cache/latte/templates-Sign-restore.latte--f20f319881.php:60  @  http://skripta.ssps.cz/sign/restore 
[2020-04-22 14-04-48] PHP Notice: Trying to get property 'email' of non-object in /var/www/webs/skripta.ssps.cz/public_html/temp/cache/latte/templates-Sign-restore.latte--f20f319881.php:60  @  http://skripta.ssps.cz/sign/restore?success=Odkaz+pro+obnovu+hesla+byl+odesl%C3%A1n+na+V%C3%A1%C5%A1+email.+%C4%8Cas+expirace+je+2020.04.22+15%3A04%3A46. 
[2020-04-22 14-05-11] PHP Notice: Trying to get property 'email' of non-object in /var/www/webs/skripta.ssps.cz/public_html/temp/cache/latte/templates-Sign-restore.latte--f20f319881.php:60  @  http://skripta.ssps.cz/sign/restore 
[2020-04-23 00-18-24] PHP Notice: Trying to get property 'email' of non-object in /var/www/webs/skripta.ssps.cz/public_html/temp/cache/latte/templates-Sign-restore.latte--f20f319881.php:60  @  http://skripta.ssps.cz/sign/restore 
[2020-05-02 00-33-11] PHP Notice: Trying to get property 'email' of non-object in /var/www/webs/skripta.ssps.cz/public_html/temp/cache/latte/templates-Sign-restore.latte--f20f319881.php:60  @  http://skripta.ssps.cz/sign/restore 
[2020-05-03 08-33-16] PHP Notice: Trying to get property 'email' of non-object in /var/www/webs/skripta.ssps.cz/public_html/temp/cache/latte/templates-Sign-restore.latte--f20f319881.php:60  @  http://skripta.ssps.cz/sign/restore 
[2020-05-04 21-57-57] PHP Notice: Trying to get property 'email' of non-object in /var/www/webs/skripta.ssps.cz/public_html/temp/cache/latte/templates-Sign-restore.latte--f20f319881.php:60  @  http://skripta.ssps.cz/sign/restore 
[2020-05-06 19-38-57] PHP Notice: Trying to get property 'email' of non-object in /var/www/webs/skripta.ssps.cz/public_html/temp/cache/latte/templates-Sign-restore.latte--f20f319881.php:60  @  http://skripta.ssps.cz/sign/restore 
[2020-05-11 22-31-00] PHP Notice: Trying to get property 'email' of non-object in /var/www/webs/skripta.ssps.cz/public_html/temp/cache/latte/templates-Sign-restore.latte--f20f319881.php:60  @  http://skripta.ssps.cz/sign/restore 
[2020-05-13 15-05-18] PHP Notice: Trying to get property 'email' of non-object in /var/www/webs/skripta.ssps.cz/public_html/temp/cache/latte/templates-Sign-restore.latte--f20f319881.php:60  @  http://skripta.ssps.cz/sign/restore 
[2020-05-13 17-37-52] PHP Notice: Trying to get property 'email' of non-object in /var/www/webs/skripta.ssps.cz/public_html/temp/cache/latte/templates-Sign-restore.latte--f20f319881.php:60  @  http://skripta.ssps.cz/sign/restore 
[2020-05-15 05-28-58] PHP Notice: Trying to get property 'email' of non-object in /var/www/webs/skripta.ssps.cz/public_html/temp/cache/latte/templates-Sign-restore.latte--f20f319881.php:60  @  http://skripta.ssps.cz/sign/restore 
[2020-05-17 10-45-05] PHP Notice: Trying to get property 'email' of non-object in /var/www/webs/skripta.ssps.cz/public_html/temp/cache/latte/templates-Sign-restore.latte--f20f319881.php:60  @  http://skripta.ssps.cz/sign/restore 
[2020-09-29 10-22-50] PHP Notice: Trying to get property 'email' of non-object in /var/www/webs/skripta.ssps.cz/public_html/temp/cache/latte/templates-Sign-restore.latte--f20f319881.php:60  @  http://skripta.ssps.cz/sign/restore 
